<?xml version="1.0" encoding="UTF-8"?>
<testng-results skipped="0" failed="0" ignored="0" total="1" passed="1">
  <reporter-output>
  </reporter-output>
  <suite name="Default suite" duration-ms="15469" started-at="2020-07-11T11:50:52Z" finished-at="2020-07-11T11:51:08Z">
    <groups>
    </groups>
    <test name="Default test" duration-ms="15469" started-at="2020-07-11T11:50:52Z" finished-at="2020-07-11T11:51:08Z">
      <class name="tests.RedBushomePageTest">
        <test-method status="PASS" signature="bookTicketForRedBus()[pri:0, instance:tests.RedBushomePageTest@214b199c]" name="bookTicketForRedBus" duration-ms="15405" started-at="2020-07-11T11:50:52Z" finished-at="2020-07-11T11:51:08Z">
          <reporter-output>
          </reporter-output>
        </test-method> <!-- bookTicketForRedBus -->
      </class> <!-- tests.RedBushomePageTest -->
    </test> <!-- Default test -->
  </suite> <!-- Default suite -->
</testng-results>
